[32m11-01-17 18:29:29 INFO  - Root WebApplicationContext: initialization started
[m[32m11-01-17 18:29:29 INFO  - Refreshing Root WebApplicationContext: startup date [Wed Nov 01 18:29:29 EDT 2017]; root of context hierarchy
[m[32m11-01-17 18:29:29 INFO  - Loading XML bean definitions from ServletContext resource [/WEB-INF/applicationContext.xml]
[m[32m11-01-17 18:29:29 INFO  - JSR-330 'javax.inject.Inject' annotation found and supported for autowiring
[m[32m11-01-17 18:29:30 INFO  - HHH000412: Hibernate Core {5.2.4.Final}
[m[32m11-01-17 18:29:30 INFO  - HHH000206: hibernate.properties not found
[m[32m11-01-17 18:29:30 INFO  - HHH000021: Bytecode provider name : javassist
[m[32m11-01-17 18:29:30 INFO  - HCANN000001: Hibernate Commons Annotations {5.0.1.Final}
[m[32m11-01-17 18:29:32 INFO  - HHH000400: Using dialect: org.hibernate.dialect.Oracle10gDialect
[m[32m11-01-17 18:29:34 INFO  - Mapped "{[/main]}" onto public org.springframework.web.servlet.ModelAndView com.revature.controllers.BaseController.mainRequest()
[m[32m11-01-17 18:29:34 INFO  - Mapped "{[/authenticateLogin],methods=[POST],consumes=[application/json],produces=[application/json]}" onto public org.springframework.http.ResponseEntity<com.revature.model.ScrumUser> com.revature.controllers.LoginController.authenticateLogin(com.revature.model.ScrumUser,javax.servlet.http.HttpServletRequest)
[m[32m11-01-17 18:29:34 INFO  - Mapped "{[/createNewScrumBoard],methods=[POST],consumes=[application/json],produces=[application/json]}" onto public org.springframework.http.ResponseEntity<com.revature.model.ScrumBoard> com.revature.controllers.ScrumBoardController.createNewScrumBoard(com.revature.model.ScrumBoard,javax.servlet.http.HttpServletRequest)
[m[32m11-01-17 18:29:34 INFO  - Looking for @ControllerAdvice: Root WebApplicationContext: startup date [Wed Nov 01 18:29:29 EDT 2017]; root of context hierarchy
[m[32m11-01-17 18:29:35 INFO  - Looking for @ControllerAdvice: Root WebApplicationContext: startup date [Wed Nov 01 18:29:29 EDT 2017]; root of context hierarchy
[m[32m11-01-17 18:29:35 INFO  - Mapped URL path [/resources/**] onto handler 'org.springframework.web.servlet.resource.ResourceHttpRequestHandler#0'
[m[32m11-01-17 18:29:35 INFO  - Using DataSource [org.apache.commons.dbcp.BasicDataSource@1d21cb0a] of Hibernate SessionFactory for HibernateTransactionManager
[m[32m11-01-17 18:29:35 INFO  - Root WebApplicationContext: initialization completed in 5913 ms
[m[32m11-01-17 18:29:36 INFO  - FrameworkServlet 'MasterServlet': initialization started
[m[32m11-01-17 18:29:36 INFO  - Refreshing WebApplicationContext for namespace 'MasterServlet-servlet': startup date [Wed Nov 01 18:29:36 EDT 2017]; parent: Root WebApplicationContext
[m[32m11-01-17 18:29:36 INFO  - Loading XML bean definitions from ServletContext resource [/WEB-INF/applicationContext.xml]
[m[32m11-01-17 18:29:37 INFO  - JSR-330 'javax.inject.Inject' annotation found and supported for autowiring
[m[32m11-01-17 18:29:38 INFO  - HHH000400: Using dialect: org.hibernate.dialect.Oracle10gDialect
[m[32m11-01-17 18:29:38 INFO  - Mapped "{[/main]}" onto public org.springframework.web.servlet.ModelAndView com.revature.controllers.BaseController.mainRequest()
[m[32m11-01-17 18:29:38 INFO  - Mapped "{[/authenticateLogin],methods=[POST],consumes=[application/json],produces=[application/json]}" onto public org.springframework.http.ResponseEntity<com.revature.model.ScrumUser> com.revature.controllers.LoginController.authenticateLogin(com.revature.model.ScrumUser,javax.servlet.http.HttpServletRequest)
[m[32m11-01-17 18:29:38 INFO  - Mapped "{[/createNewScrumBoard],methods=[POST],consumes=[application/json],produces=[application/json]}" onto public org.springframework.http.ResponseEntity<com.revature.model.ScrumBoard> com.revature.controllers.ScrumBoardController.createNewScrumBoard(com.revature.model.ScrumBoard,javax.servlet.http.HttpServletRequest)
[m[32m11-01-17 18:29:38 INFO  - Looking for @ControllerAdvice: WebApplicationContext for namespace 'MasterServlet-servlet': startup date [Wed Nov 01 18:29:36 EDT 2017]; parent: Root WebApplicationContext
[m[32m11-01-17 18:29:38 INFO  - Looking for @ControllerAdvice: WebApplicationContext for namespace 'MasterServlet-servlet': startup date [Wed Nov 01 18:29:36 EDT 2017]; parent: Root WebApplicationContext
[m[32m11-01-17 18:29:39 INFO  - Mapped URL path [/resources/**] onto handler 'org.springframework.web.servlet.resource.ResourceHttpRequestHandler#0'
[m[32m11-01-17 18:29:39 INFO  - Using DataSource [org.apache.commons.dbcp.BasicDataSource@48bbcb3e] of Hibernate SessionFactory for HibernateTransactionManager
[m[32m11-01-17 18:29:39 INFO  - FrameworkServlet 'MasterServlet': initialization completed in 2122 ms
[m[33m11-01-17 18:29:39 WARN  - No mapping found for HTTP request with URI [/TestSpringSetup/] in DispatcherServlet with name 'MasterServlet'
[m[32m11-01-17 18:29:46 INFO  - BEFORE: method-execution - ScrumUser com.revature.service.MainService.getScrumUserByUsernameAndPassword(ScrumUser)
[m[32m11-01-17 18:29:46 INFO  - BEFORE: method-execution - ScrumUser com.revature.dao.DAOImpl.getScrumUserByUsername(ScrumUser)
[m[32m11-01-17 18:29:46 INFO  - HHH000397: Using ASTQueryTranslatorFactory
[m[32m11-01-17 18:29:47 INFO  - SUCCESS: method-execution - ScrumUser com.revature.dao.DAOImpl.getScrumUserByUsername(ScrumUser)
[m[32m11-01-17 18:29:47 INFO  - SUCCESS: method-execution - ScrumUser com.revature.service.MainService.getScrumUserByUsernameAndPassword(ScrumUser)
[m[32m11-01-17 18:30:10 INFO  - Closing WebApplicationContext for namespace 'MasterServlet-servlet': startup date [Wed Nov 01 18:29:36 EDT 2017]; parent: Root WebApplicationContext
[m[32m11-01-17 18:30:10 INFO  - Closing Root WebApplicationContext: startup date [Wed Nov 01 18:29:29 EDT 2017]; root of context hierarchy
[m[32m11-01-17 18:30:13 INFO  - Root WebApplicationContext: initialization started
[m[32m11-01-17 18:30:13 INFO  - Refreshing Root WebApplicationContext: startup date [Wed Nov 01 18:30:13 EDT 2017]; root of context hierarchy
[m[32m11-01-17 18:30:14 INFO  - Loading XML bean definitions from ServletContext resource [/WEB-INF/applicationContext.xml]
[m[32m11-01-17 18:30:14 INFO  - JSR-330 'javax.inject.Inject' annotation found and supported for autowiring
[m[32m11-01-17 18:30:15 INFO  - HHH000412: Hibernate Core {5.2.4.Final}
[m[32m11-01-17 18:30:15 INFO  - HHH000206: hibernate.properties not found
[m[32m11-01-17 18:30:15 INFO  - HHH000021: Bytecode provider name : javassist
[m[32m11-01-17 18:30:15 INFO  - HCANN000001: Hibernate Commons Annotations {5.0.1.Final}
[m[32m11-01-17 18:30:16 INFO  - HHH000400: Using dialect: org.hibernate.dialect.Oracle10gDialect
[m[32m11-01-17 18:30:19 INFO  - Mapped "{[/main]}" onto public org.springframework.web.servlet.ModelAndView com.revature.controllers.BaseController.mainRequest()
[m[32m11-01-17 18:30:19 INFO  - Mapped "{[/authenticateLogin],methods=[POST],consumes=[application/json],produces=[application/json]}" onto public org.springframework.http.ResponseEntity<com.revature.model.ScrumUser> com.revature.controllers.LoginController.authenticateLogin(com.revature.model.ScrumUser,javax.servlet.http.HttpServletRequest)
[m[32m11-01-17 18:30:19 INFO  - Mapped "{[/createNewScrumBoard],methods=[POST],consumes=[application/json],produces=[application/json]}" onto public org.springframework.http.ResponseEntity<com.revature.model.ScrumBoard> com.revature.controllers.ScrumBoardController.createNewScrumBoard(com.revature.model.ScrumBoard,javax.servlet.http.HttpServletRequest)
[m[32m11-01-17 18:30:19 INFO  - Looking for @ControllerAdvice: Root WebApplicationContext: startup date [Wed Nov 01 18:30:13 EDT 2017]; root of context hierarchy
[m[32m11-01-17 18:30:19 INFO  - Looking for @ControllerAdvice: Root WebApplicationContext: startup date [Wed Nov 01 18:30:13 EDT 2017]; root of context hierarchy
[m[32m11-01-17 18:30:19 INFO  - Mapped URL path [/resources/**] onto handler 'org.springframework.web.servlet.resource.ResourceHttpRequestHandler#0'
[m[32m11-01-17 18:30:19 INFO  - Using DataSource [org.apache.commons.dbcp.BasicDataSource@2d295508] of Hibernate SessionFactory for HibernateTransactionManager
[m[32m11-01-17 18:30:19 INFO  - Root WebApplicationContext: initialization completed in 5772 ms
[m[32m11-01-17 18:31:14 INFO  - Closing Root WebApplicationContext: startup date [Wed Nov 01 18:30:13 EDT 2017]; root of context hierarchy
[m[32m11-01-17 18:31:21 INFO  - Root WebApplicationContext: initialization started
[m[32m11-01-17 18:31:21 INFO  - Refreshing Root WebApplicationContext: startup date [Wed Nov 01 18:31:21 EDT 2017]; root of context hierarchy
[m[32m11-01-17 18:31:21 INFO  - Loading XML bean definitions from ServletContext resource [/WEB-INF/applicationContext.xml]
[m[32m11-01-17 18:31:22 INFO  - JSR-330 'javax.inject.Inject' annotation found and supported for autowiring
[m[32m11-01-17 18:31:23 INFO  - HHH000412: Hibernate Core {5.2.4.Final}
[m[32m11-01-17 18:31:23 INFO  - HHH000206: hibernate.properties not found
[m[32m11-01-17 18:31:23 INFO  - HHH000021: Bytecode provider name : javassist
[m[32m11-01-17 18:31:23 INFO  - HCANN000001: Hibernate Commons Annotations {5.0.1.Final}
[m[32m11-01-17 18:31:25 INFO  - HHH000400: Using dialect: org.hibernate.dialect.Oracle10gDialect
[m[32m11-01-17 18:31:27 INFO  - Mapped "{[/main]}" onto public org.springframework.web.servlet.ModelAndView com.revature.controllers.BaseController.mainRequest()
[m[32m11-01-17 18:31:27 INFO  - Mapped "{[/authenticateLogin],methods=[POST],consumes=[application/json],produces=[application/json]}" onto public org.springframework.http.ResponseEntity<com.revature.model.ScrumUser> com.revature.controllers.LoginController.authenticateLogin(com.revature.model.ScrumUser,javax.servlet.http.HttpServletRequest)
[m[32m11-01-17 18:31:27 INFO  - Mapped "{[/createNewScrumBoard],methods=[POST],consumes=[application/json],produces=[application/json]}" onto public org.springframework.http.ResponseEntity<com.revature.model.ScrumBoard> com.revature.controllers.ScrumBoardController.createNewScrumBoard(com.revature.model.ScrumBoard,javax.servlet.http.HttpServletRequest)
[m[32m11-01-17 18:31:27 INFO  - Looking for @ControllerAdvice: Root WebApplicationContext: startup date [Wed Nov 01 18:31:21 EDT 2017]; root of context hierarchy
[m[32m11-01-17 18:31:27 INFO  - Looking for @ControllerAdvice: Root WebApplicationContext: startup date [Wed Nov 01 18:31:21 EDT 2017]; root of context hierarchy
[m[32m11-01-17 18:31:27 INFO  - Mapped URL path [/resources/**] onto handler 'org.springframework.web.servlet.resource.ResourceHttpRequestHandler#0'
[m[32m11-01-17 18:31:27 INFO  - Using DataSource [org.apache.commons.dbcp.BasicDataSource@5e3d3367] of Hibernate SessionFactory for HibernateTransactionManager
[m[32m11-01-17 18:31:27 INFO  - Root WebApplicationContext: initialization completed in 6060 ms
[m[32m11-01-17 18:31:29 INFO  - FrameworkServlet 'MasterServlet': initialization started
[m[32m11-01-17 18:31:29 INFO  - Refreshing WebApplicationContext for namespace 'MasterServlet-servlet': startup date [Wed Nov 01 18:31:29 EDT 2017]; parent: Root WebApplicationContext
[m[32m11-01-17 18:31:29 INFO  - Loading XML bean definitions from ServletContext resource [/WEB-INF/applicationContext.xml]
[m[32m11-01-17 18:31:29 INFO  - JSR-330 'javax.inject.Inject' annotation found and supported for autowiring
[m[32m11-01-17 18:31:30 INFO  - HHH000400: Using dialect: org.hibernate.dialect.Oracle10gDialect
[m[32m11-01-17 18:31:31 INFO  - Mapped "{[/main]}" onto public org.springframework.web.servlet.ModelAndView com.revature.controllers.BaseController.mainRequest()
[m[32m11-01-17 18:31:31 INFO  - Mapped "{[/authenticateLogin],methods=[POST],consumes=[application/json],produces=[application/json]}" onto public org.springframework.http.ResponseEntity<com.revature.model.ScrumUser> com.revature.controllers.LoginController.authenticateLogin(com.revature.model.ScrumUser,javax.servlet.http.HttpServletRequest)
[m[32m11-01-17 18:31:31 INFO  - Mapped "{[/createNewScrumBoard],methods=[POST],consumes=[application/json],produces=[application/json]}" onto public org.springframework.http.ResponseEntity<com.revature.model.ScrumBoard> com.revature.controllers.ScrumBoardController.createNewScrumBoard(com.revature.model.ScrumBoard,javax.servlet.http.HttpServletRequest)
[m[32m11-01-17 18:31:31 INFO  - Looking for @ControllerAdvice: WebApplicationContext for namespace 'MasterServlet-servlet': startup date [Wed Nov 01 18:31:29 EDT 2017]; parent: Root WebApplicationContext
[m[32m11-01-17 18:31:31 INFO  - Looking for @ControllerAdvice: WebApplicationContext for namespace 'MasterServlet-servlet': startup date [Wed Nov 01 18:31:29 EDT 2017]; parent: Root WebApplicationContext
[m[32m11-01-17 18:31:31 INFO  - Mapped URL path [/resources/**] onto handler 'org.springframework.web.servlet.resource.ResourceHttpRequestHandler#0'
[m[32m11-01-17 18:31:31 INFO  - Using DataSource [org.apache.commons.dbcp.BasicDataSource@3102da50] of Hibernate SessionFactory for HibernateTransactionManager
[m[32m11-01-17 18:31:31 INFO  - FrameworkServlet 'MasterServlet': initialization completed in 2245 ms
[m[33m11-01-17 18:31:31 WARN  - No mapping found for HTTP request with URI [/TestSpringSetup/] in DispatcherServlet with name 'MasterServlet'
[m